<?xml version="1.0" encoding="UTF-8"?>
<!-- Generated by org.testng.reporters.JUnitReportReporter -->
<testsuite hostname="LAPTOP-RF8JO2RR" failures="0" tests="1" name="com.aprendojugando.qa.test.SeccionesPrincipalesTest" time="5.278" errors="0" timestamp="2025-05-26T19:58:07 BOT" skipped="0">
  <testcase classname="com.aprendojugando.qa.test.SeccionesPrincipalesTest" name="verificarVisibilidadSeccionesPrincipales" time="5.278"/>
</testsuite> <!-- com.aprendojugando.qa.test.SeccionesPrincipalesTest -->
