<?xml version="1.0" encoding="UTF-8"?>
<!-- Generated by org.testng.reporters.JUnitReportReporter -->
<testsuite hostname="LAPTOP-RF8JO2RR" failures="0" tests="1" name="com.aprendojugando.qa.test.AbecedarioTest" time="6.808" errors="0" timestamp="2025-05-26T19:51:19 BOT" skipped="0">
  <testcase classname="com.aprendojugando.qa.test.AbecedarioTest" name="verificarNavegacionAbecedarioEspanol" time="6.808"/>
</testsuite> <!-- com.aprendojugando.qa.test.AbecedarioTest -->
